  Determining projects to restore...
  All projects are up-to-date for restore.
  TafsilkPlatform.Models -> c:\Users\ahmed\source\repos\AhmedTyson\Tafsilk\TafsilkPlatform\TafsilkPlatform.Web\TafsilkPlatform.Models\bin\Debug\net9.0\TafsilkPlatform.Models.dll
  TafsilkPlatform.Utility -> c:\Users\ahmed\source\repos\AhmedTyson\Tafsilk\TafsilkPlatform\TafsilkPlatform.Web\TafsilkPlatform.Utility\bin\Debug\net9.0\TafsilkPlatform.Utility.dll
  TafsilkPlatform.DataAccess -> c:\Users\ahmed\source\repos\AhmedTyson\Tafsilk\TafsilkPlatform\TafsilkPlatform.Web\TafsilkPlatform.DataAccess\bin\Debug\net9.0\TafsilkPlatform.DataAccess.dll
c:\Users\ahmed\source\repos\AhmedTyson\Tafsilk\TafsilkPlatform\TafsilkPlatform.Web\Areas\Customer\Views\Store\Index.cshtml(460,35): error RZ1026: Encountered end tag "div" with no matching start tag.  Are your start/end tags properly balanced? [c:\Users\ahmed\source\repos\AhmedTyson\Tafsilk\TafsilkPlatform\TafsilkPlatform.Web\TafsilkPlatform.Web.csproj]
c:\Users\ahmed\source\repos\AhmedTyson\Tafsilk\TafsilkPlatform\TafsilkPlatform.Web\Areas\Customer\Views\Store\Index.cshtml(509,23): error RZ1026: Encountered end tag "div" with no matching start tag.  Are your start/end tags properly balanced? [c:\Users\ahmed\source\repos\AhmedTyson\Tafsilk\TafsilkPlatform\TafsilkPlatform.Web\TafsilkPlatform.Web.csproj]
c:\Users\ahmed\source\repos\AhmedTyson\Tafsilk\TafsilkPlatform\TafsilkPlatform.Web\Tools\ProfileImageMigrator\Program.cs(8,40): warning CS7022: The entry point of the program is global code; ignoring 'Program.Main(string[])' entry point. [c:\Users\ahmed\source\repos\AhmedTyson\Tafsilk\TafsilkPlatform\TafsilkPlatform.Web\TafsilkPlatform.Web.csproj]
c:\Users\ahmed\source\repos\AhmedTyson\Tafsilk\TafsilkPlatform\TafsilkPlatform.Web\BLL\Services\AttachmentService.cs(52,42): warning CS8603: Possible null reference return. [c:\Users\ahmed\source\repos\AhmedTyson\Tafsilk\TafsilkPlatform\TafsilkPlatform.Web\TafsilkPlatform.Web.csproj]
c:\Users\ahmed\source\repos\AhmedTyson\Tafsilk\TafsilkPlatform\TafsilkPlatform.Web\BLL\Services\AttachmentService.cs(53,67): warning CS8603: Possible null reference return. [c:\Users\ahmed\source\repos\AhmedTyson\Tafsilk\TafsilkPlatform\TafsilkPlatform.Web\TafsilkPlatform.Web.csproj]
c:\Users\ahmed\source\repos\AhmedTyson\Tafsilk\TafsilkPlatform\TafsilkPlatform.Web\BLL\Services\AttachmentService.cs(59,28): warning CS8603: Possible null reference return. [c:\Users\ahmed\source\repos\AhmedTyson\Tafsilk\TafsilkPlatform\TafsilkPlatform.Web\TafsilkPlatform.Web.csproj]
c:\Users\ahmed\source\repos\AhmedTyson\Tafsilk\TafsilkPlatform\TafsilkPlatform.Web\BLL\Services\AttachmentService.cs(67,28): warning CS8603: Possible null reference return. [c:\Users\ahmed\source\repos\AhmedTyson\Tafsilk\TafsilkPlatform\TafsilkPlatform.Web\TafsilkPlatform.Web.csproj]
c:\Users\ahmed\source\repos\AhmedTyson\Tafsilk\TafsilkPlatform\TafsilkPlatform.Web\BLL\Services\AttachmentService.cs(91,28): warning CS8603: Possible null reference return. [c:\Users\ahmed\source\repos\AhmedTyson\Tafsilk\TafsilkPlatform\TafsilkPlatform.Web\TafsilkPlatform.Web.csproj]
c:\Users\ahmed\source\repos\AhmedTyson\Tafsilk\TafsilkPlatform\TafsilkPlatform.Web\BLL\Services\AttachmentService.cs(114,24): warning CS8603: Possible null reference return. [c:\Users\ahmed\source\repos\AhmedTyson\Tafsilk\TafsilkPlatform\TafsilkPlatform.Web\TafsilkPlatform.Web.csproj]
c:\Users\ahmed\source\repos\AhmedTyson\Tafsilk\TafsilkPlatform\TafsilkPlatform.Web\Areas\Customer\Views\Store\Index.cshtml(463,34): error CS0103: The name 'product' does not exist in the current context [c:\Users\ahmed\source\repos\AhmedTyson\Tafsilk\TafsilkPlatform\TafsilkPlatform.Web\TafsilkPlatform.Web.csproj]
c:\Users\ahmed\source\repos\AhmedTyson\Tafsilk\TafsilkPlatform\TafsilkPlatform.Web\Areas\Customer\Views\Store\Index.cshtml(463,70): error CS0103: The name 'product' does not exist in the current context [c:\Users\ahmed\source\repos\AhmedTyson\Tafsilk\TafsilkPlatform\TafsilkPlatform.Web\TafsilkPlatform.Web.csproj]
c:\Users\ahmed\source\repos\AhmedTyson\Tafsilk\TafsilkPlatform\TafsilkPlatform.Web\Areas\Customer\Views\Store\Index.cshtml(463,96): error CS0103: The name 'product' does not exist in the current context [c:\Users\ahmed\source\repos\AhmedTyson\Tafsilk\TafsilkPlatform\TafsilkPlatform.Web\TafsilkPlatform.Web.csproj]
c:\Users\ahmed\source\repos\AhmedTyson\Tafsilk\TafsilkPlatform\TafsilkPlatform.Web\Areas\Customer\Views\Store\Index.cshtml(469,111): error CS0103: The name 'product' does not exist in the current context [c:\Users\ahmed\source\repos\AhmedTyson\Tafsilk\TafsilkPlatform\TafsilkPlatform.Web\TafsilkPlatform.Web.csproj]
c:\Users\ahmed\source\repos\AhmedTyson\Tafsilk\TafsilkPlatform\TafsilkPlatform.Web\Areas\Customer\Views\Store\Index.cshtml(474,120): error CS0103: The name 'product' does not exist in the current context [c:\Users\ahmed\source\repos\AhmedTyson\Tafsilk\TafsilkPlatform\TafsilkPlatform.Web\TafsilkPlatform.Web.csproj]
c:\Users\ahmed\source\repos\AhmedTyson\Tafsilk\TafsilkPlatform\TafsilkPlatform.Web\Areas\Customer\Views\Store\Index.cshtml(482,60): error CS0103: The name 'product' does not exist in the current context [c:\Users\ahmed\source\repos\AhmedTyson\Tafsilk\TafsilkPlatform\TafsilkPlatform.Web\TafsilkPlatform.Web.csproj]
c:\Users\ahmed\source\repos\AhmedTyson\Tafsilk\TafsilkPlatform\TafsilkPlatform.Web\Areas\Customer\Views\Store\Index.cshtml(484,111): error CS0103: The name 'product' does not exist in the current context [c:\Users\ahmed\source\repos\AhmedTyson\Tafsilk\TafsilkPlatform\TafsilkPlatform.Web\TafsilkPlatform.Web.csproj]
c:\Users\ahmed\source\repos\AhmedTyson\Tafsilk\TafsilkPlatform\TafsilkPlatform.Web\Areas\Customer\Views\Store\Index.cshtml(485,38): error CS0103: The name 'product' does not exist in the current context [c:\Users\ahmed\source\repos\AhmedTyson\Tafsilk\TafsilkPlatform\TafsilkPlatform.Web\TafsilkPlatform.Web.csproj]
c:\Users\ahmed\source\repos\AhmedTyson\Tafsilk\TafsilkPlatform\TafsilkPlatform.Web\Areas\Customer\Views\Store\Index.cshtml(490,38): error CS0103: The name 'product' does not exist in the current context [c:\Users\ahmed\source\repos\AhmedTyson\Tafsilk\TafsilkPlatform\TafsilkPlatform.Web\TafsilkPlatform.Web.csproj]
c:\Users\ahmed\source\repos\AhmedTyson\Tafsilk\TafsilkPlatform\TafsilkPlatform.Web\Areas\Customer\Views\Store\Index.cshtml(490,74): error CS0103: The name 'product' does not exist in the current context [c:\Users\ahmed\source\repos\AhmedTyson\Tafsilk\TafsilkPlatform\TafsilkPlatform.Web\TafsilkPlatform.Web.csproj]
c:\Users\ahmed\source\repos\AhmedTyson\Tafsilk\TafsilkPlatform\TafsilkPlatform.Web\Areas\Customer\Views\Store\Index.cshtml(490,100): error CS0103: The name 'product' does not exist in the current context [c:\Users\ahmed\source\repos\AhmedTyson\Tafsilk\TafsilkPlatform\TafsilkPlatform.Web\TafsilkPlatform.Web.csproj]
c:\Users\ahmed\source\repos\AhmedTyson\Tafsilk\TafsilkPlatform\TafsilkPlatform.Web\Areas\Customer\Views\Store\Index.cshtml(492,66): error CS0103: The name 'product' does not exist in the current context [c:\Users\ahmed\source\repos\AhmedTyson\Tafsilk\TafsilkPlatform\TafsilkPlatform.Web\TafsilkPlatform.Web.csproj]
c:\Users\ahmed\source\repos\AhmedTyson\Tafsilk\TafsilkPlatform\TafsilkPlatform.Web\Areas\Customer\Views\Store\Index.cshtml(493,67): error CS0103: The name 'product' does not exist in the current context [c:\Users\ahmed\source\repos\AhmedTyson\Tafsilk\TafsilkPlatform\TafsilkPlatform.Web\TafsilkPlatform.Web.csproj]
c:\Users\ahmed\source\repos\AhmedTyson\Tafsilk\TafsilkPlatform\TafsilkPlatform.Web\Areas\Customer\Views\Store\Index.cshtml(497,66): error CS0103: The name 'product' does not exist in the current context [c:\Users\ahmed\source\repos\AhmedTyson\Tafsilk\TafsilkPlatform\TafsilkPlatform.Web\TafsilkPlatform.Web.csproj]
c:\Users\ahmed\source\repos\AhmedTyson\Tafsilk\TafsilkPlatform\TafsilkPlatform.Web\Areas\Customer\Views\Store\Index.cshtml(501,56): error CS0103: The name 'product' does not exist in the current context [c:\Users\ahmed\source\repos\AhmedTyson\Tafsilk\TafsilkPlatform\TafsilkPlatform.Web\TafsilkPlatform.Web.csproj]
c:\Users\ahmed\source\repos\AhmedTyson\Tafsilk\TafsilkPlatform\TafsilkPlatform.Web\Areas\Customer\Views\Store\Index.cshtml(505,47): error CS0103: The name 'product' does not exist in the current context [c:\Users\ahmed\source\repos\AhmedTyson\Tafsilk\TafsilkPlatform\TafsilkPlatform.Web\TafsilkPlatform.Web.csproj]
c:\Users\ahmed\source\repos\AhmedTyson\Tafsilk\TafsilkPlatform\TafsilkPlatform.Web\Areas\Customer\Views\Store\Index.cshtml(472,38): warning CS8602: Dereference of a possibly null reference. [c:\Users\ahmed\source\repos\AhmedTyson\Tafsilk\TafsilkPlatform\TafsilkPlatform.Web\TafsilkPlatform.Web.csproj]
c:\Users\ahmed\source\repos\AhmedTyson\Tafsilk\TafsilkPlatform\TafsilkPlatform.Web\Areas\Admin\Controllers\AdminDashboardController.cs(106,39): warning CS8602: Dereference of a possibly null reference. [c:\Users\ahmed\source\repos\AhmedTyson\Tafsilk\TafsilkPlatform\TafsilkPlatform.Web\TafsilkPlatform.Web.csproj]
c:\Users\ahmed\source\repos\AhmedTyson\Tafsilk\TafsilkPlatform\TafsilkPlatform.Web\Areas\Admin\Controllers\AdminDashboardController.cs(108,39): warning CS8602: Dereference of a possibly null reference. [c:\Users\ahmed\source\repos\AhmedTyson\Tafsilk\TafsilkPlatform\TafsilkPlatform.Web\TafsilkPlatform.Web.csproj]
c:\Users\ahmed\source\repos\AhmedTyson\Tafsilk\TafsilkPlatform\TafsilkPlatform.Web\Areas\Admin\Controllers\AdminDashboardController.cs(121,49): warning CS8602: Dereference of a possibly null reference. [c:\Users\ahmed\source\repos\AhmedTyson\Tafsilk\TafsilkPlatform\TafsilkPlatform.Web\TafsilkPlatform.Web.csproj]
c:\Users\ahmed\source\repos\AhmedTyson\Tafsilk\TafsilkPlatform\TafsilkPlatform.Web\Areas\Admin\Controllers\AdminDashboardController.cs(128,47): warning CS8602: Dereference of a possibly null reference. [c:\Users\ahmed\source\repos\AhmedTyson\Tafsilk\TafsilkPlatform\TafsilkPlatform.Web\TafsilkPlatform.Web.csproj]
c:\Users\ahmed\source\repos\AhmedTyson\Tafsilk\TafsilkPlatform\TafsilkPlatform.Web\Controllers\DashboardsController.cs(85,18): warning CS8602: Dereference of a possibly null reference. [c:\Users\ahmed\source\repos\AhmedTyson\Tafsilk\TafsilkPlatform\TafsilkPlatform.Web\TafsilkPlatform.Web.csproj]
c:\Users\ahmed\source\repos\AhmedTyson\Tafsilk\TafsilkPlatform\TafsilkPlatform.Web\Areas\Admin\Controllers\AdminDashboardController.cs(395,32): warning CS8602: Dereference of a possibly null reference. [c:\Users\ahmed\source\repos\AhmedTyson\Tafsilk\TafsilkPlatform\TafsilkPlatform.Web\TafsilkPlatform.Web.csproj]
c:\Users\ahmed\source\repos\AhmedTyson\Tafsilk\TafsilkPlatform\TafsilkPlatform.Web\Areas\Tailor\Views\TailorPortfolio\ViewPublicTailorProfile.cshtml(1029,33): warning CS8602: Dereference of a possibly null reference. [c:\Users\ahmed\source\repos\AhmedTyson\Tafsilk\TafsilkPlatform\TafsilkPlatform.Web\TafsilkPlatform.Web.csproj]
c:\Users\ahmed\source\repos\AhmedTyson\Tafsilk\TafsilkPlatform\TafsilkPlatform.Web\Views\TailorPortfolio\ViewPublicTailorProfile.cshtml(515,27): warning CS8602: Dereference of a possibly null reference. [c:\Users\ahmed\source\repos\AhmedTyson\Tafsilk\TafsilkPlatform\TafsilkPlatform.Web\TafsilkPlatform.Web.csproj]
c:\Users\ahmed\source\repos\AhmedTyson\Tafsilk\TafsilkPlatform\TafsilkPlatform.Web\Areas\Tailor\Views\TailorManagement\AddService.cshtml(8,9): warning CS8620: Argument of type '(string, string?)' cannot be used for parameter 'item' of type '(string Text, string Url)' in 'void List<(string Text, string Url)>.Add((string Text, string Url) item)' due to differences in the nullability of reference types. [c:\Users\ahmed\source\repos\AhmedTyson\Tafsilk\TafsilkPlatform\TafsilkPlatform.Web\TafsilkPlatform.Web.csproj]
c:\Users\ahmed\source\repos\AhmedTyson\Tafsilk\TafsilkPlatform\TafsilkPlatform.Web\Areas\Tailor\Views\TailorManagement\AddService.cshtml(9,9): warning CS8620: Argument of type '(string, string?)' cannot be used for parameter 'item' of type '(string Text, string Url)' in 'void List<(string Text, string Url)>.Add((string Text, string Url) item)' due to differences in the nullability of reference types. [c:\Users\ahmed\source\repos\AhmedTyson\Tafsilk\TafsilkPlatform\TafsilkPlatform.Web\TafsilkPlatform.Web.csproj]
c:\Users\ahmed\source\repos\AhmedTyson\Tafsilk\TafsilkPlatform\TafsilkPlatform.Web\Controllers\ProfilesController.cs(694,30): warning CS8601: Possible null reference assignment. [c:\Users\ahmed\source\repos\AhmedTyson\Tafsilk\TafsilkPlatform\TafsilkPlatform.Web\TafsilkPlatform.Web.csproj]
c:\Users\ahmed\source\repos\AhmedTyson\Tafsilk\TafsilkPlatform\TafsilkPlatform.Web\Areas\Tailor\Views\TailorManagement\EditProduct.cshtml(87,63): warning CS8602: Dereference of a possibly null reference. [c:\Users\ahmed\source\repos\AhmedTyson\Tafsilk\TafsilkPlatform\TafsilkPlatform.Web\TafsilkPlatform.Web.csproj]
c:\Users\ahmed\source\repos\AhmedTyson\Tafsilk\TafsilkPlatform\TafsilkPlatform.Web\Areas\Tailor\Views\TailorManagement\EditProduct.cshtml(169,58): warning CS8602: Dereference of a possibly null reference. [c:\Users\ahmed\source\repos\AhmedTyson\Tafsilk\TafsilkPlatform\TafsilkPlatform.Web\TafsilkPlatform.Web.csproj]
c:\Users\ahmed\source\repos\AhmedTyson\Tafsilk\TafsilkPlatform\TafsilkPlatform.Web\Areas\Tailor\Views\TailorManagement\EditProduct.cshtml(180,59): warning CS8602: Dereference of a possibly null reference. [c:\Users\ahmed\source\repos\AhmedTyson\Tafsilk\TafsilkPlatform\TafsilkPlatform.Web\TafsilkPlatform.Web.csproj]
c:\Users\ahmed\source\repos\AhmedTyson\Tafsilk\TafsilkPlatform\TafsilkPlatform.Web\Areas\Tailor\Views\TailorManagement\EditProduct.cshtml(196,63): warning CS8602: Dereference of a possibly null reference. [c:\Users\ahmed\source\repos\AhmedTyson\Tafsilk\TafsilkPlatform\TafsilkPlatform.Web\TafsilkPlatform.Web.csproj]
c:\Users\ahmed\source\repos\AhmedTyson\Tafsilk\TafsilkPlatform\TafsilkPlatform.Web\Services\OrderService.cs(58,39): warning CS8601: Possible null reference assignment. [c:\Users\ahmed\source\repos\AhmedTyson\Tafsilk\TafsilkPlatform\TafsilkPlatform.Web\TafsilkPlatform.Web.csproj]
c:\Users\ahmed\source\repos\AhmedTyson\Tafsilk\TafsilkPlatform\TafsilkPlatform.Web\Views\Profiles\EditTailorProfile.cshtml(468,59): warning CS8602: Dereference of a possibly null reference. [c:\Users\ahmed\source\repos\AhmedTyson\Tafsilk\TafsilkPlatform\TafsilkPlatform.Web\TafsilkPlatform.Web.csproj]
c:\Users\ahmed\source\repos\AhmedTyson\Tafsilk\TafsilkPlatform\TafsilkPlatform.Web\Views\Profiles\EditTailorProfile.cshtml(498,59): warning CS8602: Dereference of a possibly null reference. [c:\Users\ahmed\source\repos\AhmedTyson\Tafsilk\TafsilkPlatform\TafsilkPlatform.Web\TafsilkPlatform.Web.csproj]
c:\Users\ahmed\source\repos\AhmedTyson\Tafsilk\TafsilkPlatform\TafsilkPlatform.Web\Services\OrderService.cs(118,39): warning CS8601: Possible null reference assignment. [c:\Users\ahmed\source\repos\AhmedTyson\Tafsilk\TafsilkPlatform\TafsilkPlatform.Web\TafsilkPlatform.Web.csproj]
c:\Users\ahmed\source\repos\AhmedTyson\Tafsilk\TafsilkPlatform\TafsilkPlatform.Web\Services\OrderService.cs(147,42): warning CS8601: Possible null reference assignment. [c:\Users\ahmed\source\repos\AhmedTyson\Tafsilk\TafsilkPlatform\TafsilkPlatform.Web\TafsilkPlatform.Web.csproj]
c:\Users\ahmed\source\repos\AhmedTyson\Tafsilk\TafsilkPlatform\TafsilkPlatform.Web\Services\OrderService.cs(164,49): warning CS8604: Possible null reference argument for parameter 'item' in 'void List<string>.Add(string item)'. [c:\Users\ahmed\source\repos\AhmedTyson\Tafsilk\TafsilkPlatform\TafsilkPlatform.Web\TafsilkPlatform.Web.csproj]

Build FAILED.

c:\Users\ahmed\source\repos\AhmedTyson\Tafsilk\TafsilkPlatform\TafsilkPlatform.Web\Tools\ProfileImageMigrator\Program.cs(8,40): warning CS7022: The entry point of the program is global code; ignoring 'Program.Main(string[])' entry point. [c:\Users\ahmed\source\repos\AhmedTyson\Tafsilk\TafsilkPlatform\TafsilkPlatform.Web\TafsilkPlatform.Web.csproj]
c:\Users\ahmed\source\repos\AhmedTyson\Tafsilk\TafsilkPlatform\TafsilkPlatform.Web\BLL\Services\AttachmentService.cs(52,42): warning CS8603: Possible null reference return. [c:\Users\ahmed\source\repos\AhmedTyson\Tafsilk\TafsilkPlatform\TafsilkPlatform.Web\TafsilkPlatform.Web.csproj]
c:\Users\ahmed\source\repos\AhmedTyson\Tafsilk\TafsilkPlatform\TafsilkPlatform.Web\BLL\Services\AttachmentService.cs(53,67): warning CS8603: Possible null reference return. [c:\Users\ahmed\source\repos\AhmedTyson\Tafsilk\TafsilkPlatform\TafsilkPlatform.Web\TafsilkPlatform.Web.csproj]
c:\Users\ahmed\source\repos\AhmedTyson\Tafsilk\TafsilkPlatform\TafsilkPlatform.Web\BLL\Services\AttachmentService.cs(59,28): warning CS8603: Possible null reference return. [c:\Users\ahmed\source\repos\AhmedTyson\Tafsilk\TafsilkPlatform\TafsilkPlatform.Web\TafsilkPlatform.Web.csproj]
c:\Users\ahmed\source\repos\AhmedTyson\Tafsilk\TafsilkPlatform\TafsilkPlatform.Web\BLL\Services\AttachmentService.cs(67,28): warning CS8603: Possible null reference return. [c:\Users\ahmed\source\repos\AhmedTyson\Tafsilk\TafsilkPlatform\TafsilkPlatform.Web\TafsilkPlatform.Web.csproj]
c:\Users\ahmed\source\repos\AhmedTyson\Tafsilk\TafsilkPlatform\TafsilkPlatform.Web\BLL\Services\AttachmentService.cs(91,28): warning CS8603: Possible null reference return. [c:\Users\ahmed\source\repos\AhmedTyson\Tafsilk\TafsilkPlatform\TafsilkPlatform.Web\TafsilkPlatform.Web.csproj]
c:\Users\ahmed\source\repos\AhmedTyson\Tafsilk\TafsilkPlatform\TafsilkPlatform.Web\BLL\Services\AttachmentService.cs(114,24): warning CS8603: Possible null reference return. [c:\Users\ahmed\source\repos\AhmedTyson\Tafsilk\TafsilkPlatform\TafsilkPlatform.Web\TafsilkPlatform.Web.csproj]
c:\Users\ahmed\source\repos\AhmedTyson\Tafsilk\TafsilkPlatform\TafsilkPlatform.Web\Areas\Customer\Views\Store\Index.cshtml(472,38): warning CS8602: Dereference of a possibly null reference. [c:\Users\ahmed\source\repos\AhmedTyson\Tafsilk\TafsilkPlatform\TafsilkPlatform.Web\TafsilkPlatform.Web.csproj]
c:\Users\ahmed\source\repos\AhmedTyson\Tafsilk\TafsilkPlatform\TafsilkPlatform.Web\Areas\Admin\Controllers\AdminDashboardController.cs(106,39): warning CS8602: Dereference of a possibly null reference. [c:\Users\ahmed\source\repos\AhmedTyson\Tafsilk\TafsilkPlatform\TafsilkPlatform.Web\TafsilkPlatform.Web.csproj]
c:\Users\ahmed\source\repos\AhmedTyson\Tafsilk\TafsilkPlatform\TafsilkPlatform.Web\Areas\Admin\Controllers\AdminDashboardController.cs(108,39): warning CS8602: Dereference of a possibly null reference. [c:\Users\ahmed\source\repos\AhmedTyson\Tafsilk\TafsilkPlatform\TafsilkPlatform.Web\TafsilkPlatform.Web.csproj]
c:\Users\ahmed\source\repos\AhmedTyson\Tafsilk\TafsilkPlatform\TafsilkPlatform.Web\Areas\Admin\Controllers\AdminDashboardController.cs(121,49): warning CS8602: Dereference of a possibly null reference. [c:\Users\ahmed\source\repos\AhmedTyson\Tafsilk\TafsilkPlatform\TafsilkPlatform.Web\TafsilkPlatform.Web.csproj]
c:\Users\ahmed\source\repos\AhmedTyson\Tafsilk\TafsilkPlatform\TafsilkPlatform.Web\Areas\Admin\Controllers\AdminDashboardController.cs(128,47): warning CS8602: Dereference of a possibly null reference. [c:\Users\ahmed\source\repos\AhmedTyson\Tafsilk\TafsilkPlatform\TafsilkPlatform.Web\TafsilkPlatform.Web.csproj]
c:\Users\ahmed\source\repos\AhmedTyson\Tafsilk\TafsilkPlatform\TafsilkPlatform.Web\Controllers\DashboardsController.cs(85,18): warning CS8602: Dereference of a possibly null reference. [c:\Users\ahmed\source\repos\AhmedTyson\Tafsilk\TafsilkPlatform\TafsilkPlatform.Web\TafsilkPlatform.Web.csproj]
c:\Users\ahmed\source\repos\AhmedTyson\Tafsilk\TafsilkPlatform\TafsilkPlatform.Web\Areas\Admin\Controllers\AdminDashboardController.cs(395,32): warning CS8602: Dereference of a possibly null reference. [c:\Users\ahmed\source\repos\AhmedTyson\Tafsilk\TafsilkPlatform\TafsilkPlatform.Web\TafsilkPlatform.Web.csproj]
c:\Users\ahmed\source\repos\AhmedTyson\Tafsilk\TafsilkPlatform\TafsilkPlatform.Web\Areas\Tailor\Views\TailorPortfolio\ViewPublicTailorProfile.cshtml(1029,33): warning CS8602: Dereference of a possibly null reference. [c:\Users\ahmed\source\repos\AhmedTyson\Tafsilk\TafsilkPlatform\TafsilkPlatform.Web\TafsilkPlatform.Web.csproj]
c:\Users\ahmed\source\repos\AhmedTyson\Tafsilk\TafsilkPlatform\TafsilkPlatform.Web\Views\TailorPortfolio\ViewPublicTailorProfile.cshtml(515,27): warning CS8602: Dereference of a possibly null reference. [c:\Users\ahmed\source\repos\AhmedTyson\Tafsilk\TafsilkPlatform\TafsilkPlatform.Web\TafsilkPlatform.Web.csproj]
c:\Users\ahmed\source\repos\AhmedTyson\Tafsilk\TafsilkPlatform\TafsilkPlatform.Web\Areas\Tailor\Views\TailorManagement\AddService.cshtml(8,9): warning CS8620: Argument of type '(string, string?)' cannot be used for parameter 'item' of type '(string Text, string Url)' in 'void List<(string Text, string Url)>.Add((string Text, string Url) item)' due to differences in the nullability of reference types. [c:\Users\ahmed\source\repos\AhmedTyson\Tafsilk\TafsilkPlatform\TafsilkPlatform.Web\TafsilkPlatform.Web.csproj]
c:\Users\ahmed\source\repos\AhmedTyson\Tafsilk\TafsilkPlatform\TafsilkPlatform.Web\Areas\Tailor\Views\TailorManagement\AddService.cshtml(9,9): warning CS8620: Argument of type '(string, string?)' cannot be used for parameter 'item' of type '(string Text, string Url)' in 'void List<(string Text, string Url)>.Add((string Text, string Url) item)' due to differences in the nullability of reference types. [c:\Users\ahmed\source\repos\AhmedTyson\Tafsilk\TafsilkPlatform\TafsilkPlatform.Web\TafsilkPlatform.Web.csproj]
c:\Users\ahmed\source\repos\AhmedTyson\Tafsilk\TafsilkPlatform\TafsilkPlatform.Web\Controllers\ProfilesController.cs(694,30): warning CS8601: Possible null reference assignment. [c:\Users\ahmed\source\repos\AhmedTyson\Tafsilk\TafsilkPlatform\TafsilkPlatform.Web\TafsilkPlatform.Web.csproj]
c:\Users\ahmed\source\repos\AhmedTyson\Tafsilk\TafsilkPlatform\TafsilkPlatform.Web\Areas\Tailor\Views\TailorManagement\EditProduct.cshtml(87,63): warning CS8602: Dereference of a possibly null reference. [c:\Users\ahmed\source\repos\AhmedTyson\Tafsilk\TafsilkPlatform\TafsilkPlatform.Web\TafsilkPlatform.Web.csproj]
c:\Users\ahmed\source\repos\AhmedTyson\Tafsilk\TafsilkPlatform\TafsilkPlatform.Web\Areas\Tailor\Views\TailorManagement\EditProduct.cshtml(169,58): warning CS8602: Dereference of a possibly null reference. [c:\Users\ahmed\source\repos\AhmedTyson\Tafsilk\TafsilkPlatform\TafsilkPlatform.Web\TafsilkPlatform.Web.csproj]
c:\Users\ahmed\source\repos\AhmedTyson\Tafsilk\TafsilkPlatform\TafsilkPlatform.Web\Areas\Tailor\Views\TailorManagement\EditProduct.cshtml(180,59): warning CS8602: Dereference of a possibly null reference. [c:\Users\ahmed\source\repos\AhmedTyson\Tafsilk\TafsilkPlatform\TafsilkPlatform.Web\TafsilkPlatform.Web.csproj]
c:\Users\ahmed\source\repos\AhmedTyson\Tafsilk\TafsilkPlatform\TafsilkPlatform.Web\Areas\Tailor\Views\TailorManagement\EditProduct.cshtml(196,63): warning CS8602: Dereference of a possibly null reference. [c:\Users\ahmed\source\repos\AhmedTyson\Tafsilk\TafsilkPlatform\TafsilkPlatform.Web\TafsilkPlatform.Web.csproj]
c:\Users\ahmed\source\repos\AhmedTyson\Tafsilk\TafsilkPlatform\TafsilkPlatform.Web\Services\OrderService.cs(58,39): warning CS8601: Possible null reference assignment. [c:\Users\ahmed\source\repos\AhmedTyson\Tafsilk\TafsilkPlatform\TafsilkPlatform.Web\TafsilkPlatform.Web.csproj]
c:\Users\ahmed\source\repos\AhmedTyson\Tafsilk\TafsilkPlatform\TafsilkPlatform.Web\Views\Profiles\EditTailorProfile.cshtml(468,59): warning CS8602: Dereference of a possibly null reference. [c:\Users\ahmed\source\repos\AhmedTyson\Tafsilk\TafsilkPlatform\TafsilkPlatform.Web\TafsilkPlatform.Web.csproj]
c:\Users\ahmed\source\repos\AhmedTyson\Tafsilk\TafsilkPlatform\TafsilkPlatform.Web\Views\Profiles\EditTailorProfile.cshtml(498,59): warning CS8602: Dereference of a possibly null reference. [c:\Users\ahmed\source\repos\AhmedTyson\Tafsilk\TafsilkPlatform\TafsilkPlatform.Web\TafsilkPlatform.Web.csproj]
c:\Users\ahmed\source\repos\AhmedTyson\Tafsilk\TafsilkPlatform\TafsilkPlatform.Web\Services\OrderService.cs(118,39): warning CS8601: Possible null reference assignment. [c:\Users\ahmed\source\repos\AhmedTyson\Tafsilk\TafsilkPlatform\TafsilkPlatform.Web\TafsilkPlatform.Web.csproj]
c:\Users\ahmed\source\repos\AhmedTyson\Tafsilk\TafsilkPlatform\TafsilkPlatform.Web\Services\OrderService.cs(147,42): warning CS8601: Possible null reference assignment. [c:\Users\ahmed\source\repos\AhmedTyson\Tafsilk\TafsilkPlatform\TafsilkPlatform.Web\TafsilkPlatform.Web.csproj]
c:\Users\ahmed\source\repos\AhmedTyson\Tafsilk\TafsilkPlatform\TafsilkPlatform.Web\Services\OrderService.cs(164,49): warning CS8604: Possible null reference argument for parameter 'item' in 'void List<string>.Add(string item)'. [c:\Users\ahmed\source\repos\AhmedTyson\Tafsilk\TafsilkPlatform\TafsilkPlatform.Web\TafsilkPlatform.Web.csproj]
c:\Users\ahmed\source\repos\AhmedTyson\Tafsilk\TafsilkPlatform\TafsilkPlatform.Web\Areas\Customer\Views\Store\Index.cshtml(460,35): error RZ1026: Encountered end tag "div" with no matching start tag.  Are your start/end tags properly balanced? [c:\Users\ahmed\source\repos\AhmedTyson\Tafsilk\TafsilkPlatform\TafsilkPlatform.Web\TafsilkPlatform.Web.csproj]
c:\Users\ahmed\source\repos\AhmedTyson\Tafsilk\TafsilkPlatform\TafsilkPlatform.Web\Areas\Customer\Views\Store\Index.cshtml(509,23): error RZ1026: Encountered end tag "div" with no matching start tag.  Are your start/end tags properly balanced? [c:\Users\ahmed\source\repos\AhmedTyson\Tafsilk\TafsilkPlatform\TafsilkPlatform.Web\TafsilkPlatform.Web.csproj]
c:\Users\ahmed\source\repos\AhmedTyson\Tafsilk\TafsilkPlatform\TafsilkPlatform.Web\Areas\Customer\Views\Store\Index.cshtml(463,34): error CS0103: The name 'product' does not exist in the current context [c:\Users\ahmed\source\repos\AhmedTyson\Tafsilk\TafsilkPlatform\TafsilkPlatform.Web\TafsilkPlatform.Web.csproj]
c:\Users\ahmed\source\repos\AhmedTyson\Tafsilk\TafsilkPlatform\TafsilkPlatform.Web\Areas\Customer\Views\Store\Index.cshtml(463,70): error CS0103: The name 'product' does not exist in the current context [c:\Users\ahmed\source\repos\AhmedTyson\Tafsilk\TafsilkPlatform\TafsilkPlatform.Web\TafsilkPlatform.Web.csproj]
c:\Users\ahmed\source\repos\AhmedTyson\Tafsilk\TafsilkPlatform\TafsilkPlatform.Web\Areas\Customer\Views\Store\Index.cshtml(463,96): error CS0103: The name 'product' does not exist in the current context [c:\Users\ahmed\source\repos\AhmedTyson\Tafsilk\TafsilkPlatform\TafsilkPlatform.Web\TafsilkPlatform.Web.csproj]
c:\Users\ahmed\source\repos\AhmedTyson\Tafsilk\TafsilkPlatform\TafsilkPlatform.Web\Areas\Customer\Views\Store\Index.cshtml(469,111): error CS0103: The name 'product' does not exist in the current context [c:\Users\ahmed\source\repos\AhmedTyson\Tafsilk\TafsilkPlatform\TafsilkPlatform.Web\TafsilkPlatform.Web.csproj]
c:\Users\ahmed\source\repos\AhmedTyson\Tafsilk\TafsilkPlatform\TafsilkPlatform.Web\Areas\Customer\Views\Store\Index.cshtml(474,120): error CS0103: The name 'product' does not exist in the current context [c:\Users\ahmed\source\repos\AhmedTyson\Tafsilk\TafsilkPlatform\TafsilkPlatform.Web\TafsilkPlatform.Web.csproj]
c:\Users\ahmed\source\repos\AhmedTyson\Tafsilk\TafsilkPlatform\TafsilkPlatform.Web\Areas\Customer\Views\Store\Index.cshtml(482,60): error CS0103: The name 'product' does not exist in the current context [c:\Users\ahmed\source\repos\AhmedTyson\Tafsilk\TafsilkPlatform\TafsilkPlatform.Web\TafsilkPlatform.Web.csproj]
c:\Users\ahmed\source\repos\AhmedTyson\Tafsilk\TafsilkPlatform\TafsilkPlatform.Web\Areas\Customer\Views\Store\Index.cshtml(484,111): error CS0103: The name 'product' does not exist in the current context [c:\Users\ahmed\source\repos\AhmedTyson\Tafsilk\TafsilkPlatform\TafsilkPlatform.Web\TafsilkPlatform.Web.csproj]
c:\Users\ahmed\source\repos\AhmedTyson\Tafsilk\TafsilkPlatform\TafsilkPlatform.Web\Areas\Customer\Views\Store\Index.cshtml(485,38): error CS0103: The name 'product' does not exist in the current context [c:\Users\ahmed\source\repos\AhmedTyson\Tafsilk\TafsilkPlatform\TafsilkPlatform.Web\TafsilkPlatform.Web.csproj]
c:\Users\ahmed\source\repos\AhmedTyson\Tafsilk\TafsilkPlatform\TafsilkPlatform.Web\Areas\Customer\Views\Store\Index.cshtml(490,38): error CS0103: The name 'product' does not exist in the current context [c:\Users\ahmed\source\repos\AhmedTyson\Tafsilk\TafsilkPlatform\TafsilkPlatform.Web\TafsilkPlatform.Web.csproj]
c:\Users\ahmed\source\repos\AhmedTyson\Tafsilk\TafsilkPlatform\TafsilkPlatform.Web\Areas\Customer\Views\Store\Index.cshtml(490,74): error CS0103: The name 'product' does not exist in the current context [c:\Users\ahmed\source\repos\AhmedTyson\Tafsilk\TafsilkPlatform\TafsilkPlatform.Web\TafsilkPlatform.Web.csproj]
c:\Users\ahmed\source\repos\AhmedTyson\Tafsilk\TafsilkPlatform\TafsilkPlatform.Web\Areas\Customer\Views\Store\Index.cshtml(490,100): error CS0103: The name 'product' does not exist in the current context [c:\Users\ahmed\source\repos\AhmedTyson\Tafsilk\TafsilkPlatform\TafsilkPlatform.Web\TafsilkPlatform.Web.csproj]
c:\Users\ahmed\source\repos\AhmedTyson\Tafsilk\TafsilkPlatform\TafsilkPlatform.Web\Areas\Customer\Views\Store\Index.cshtml(492,66): error CS0103: The name 'product' does not exist in the current context [c:\Users\ahmed\source\repos\AhmedTyson\Tafsilk\TafsilkPlatform\TafsilkPlatform.Web\TafsilkPlatform.Web.csproj]
c:\Users\ahmed\source\repos\AhmedTyson\Tafsilk\TafsilkPlatform\TafsilkPlatform.Web\Areas\Customer\Views\Store\Index.cshtml(493,67): error CS0103: The name 'product' does not exist in the current context [c:\Users\ahmed\source\repos\AhmedTyson\Tafsilk\TafsilkPlatform\TafsilkPlatform.Web\TafsilkPlatform.Web.csproj]
c:\Users\ahmed\source\repos\AhmedTyson\Tafsilk\TafsilkPlatform\TafsilkPlatform.Web\Areas\Customer\Views\Store\Index.cshtml(497,66): error CS0103: The name 'product' does not exist in the current context [c:\Users\ahmed\source\repos\AhmedTyson\Tafsilk\TafsilkPlatform\TafsilkPlatform.Web\TafsilkPlatform.Web.csproj]
c:\Users\ahmed\source\repos\AhmedTyson\Tafsilk\TafsilkPlatform\TafsilkPlatform.Web\Areas\Customer\Views\Store\Index.cshtml(501,56): error CS0103: The name 'product' does not exist in the current context [c:\Users\ahmed\source\repos\AhmedTyson\Tafsilk\TafsilkPlatform\TafsilkPlatform.Web\TafsilkPlatform.Web.csproj]
c:\Users\ahmed\source\repos\AhmedTyson\Tafsilk\TafsilkPlatform\TafsilkPlatform.Web\Areas\Customer\Views\Store\Index.cshtml(505,47): error CS0103: The name 'product' does not exist in the current context [c:\Users\ahmed\source\repos\AhmedTyson\Tafsilk\TafsilkPlatform\TafsilkPlatform.Web\TafsilkPlatform.Web.csproj]
    29 Warning(s)
    18 Error(s)

Time Elapsed 00:00:11.26
